[LOG] System::create                           : Header version = 2.00.07. Current version = 2.00.07.
[LOG] Manager::init                            : maxchannels = 256 studioflags = 00000006 flags 00000000 extradriverdata 0000000000000000.
[LOG] SystemI::init                            : Initialize version=20007 (107206), maxchannels=256, flags=0x00020000
[LOG] SystemI::setOutputInternal               : Setting output to 'FMOD WASAPI Output'
[LOG] OutputWASAPI::init                       : Mix Format (WAVEFORMATEX): wFormatTag=0xFFFE, nChannels=2, nSamplesPerSec=48000, nAvgBytesPerSec=384000, nBlockAlign=8, wBitsPerSample=32, cbSize=22.
[LOG] OutputWASAPI::init                       : Mix Format (WAVEFORMATEXTENSIBLE): wValidBitsPerSample=32, dwChannelMask=0x00000003, SubFormat=00000003-0000-0010-8000-00AA00389B71.
[LOG] OutputWASAPI::init                       : Output buffer size: 4096 samples, latency: 0.00ms, period: 10.00ms, DSP buffer: 1024 * 4
[LOG] Thread::initThread                       : Init FMOD stream thread. Priority: 2, Stack Size: 98304, Semaphore: No, Sleep Time: 10, Looping: Yes.
[LOG] Thread::initThread                       : Init FMOD mixer thread. Priority: 3, Stack Size: 81920, Semaphore: No, Sleep Time: 0, Looping: Yes.
[LOG] AsyncManager::init                       : manager 000001D636DC4848 isAsync 0 updatePeriod 0.02
[LOG] AsyncManager::init                       : done
[LOG] PlaybackSystem::init                     : 
[LOG] Thread::initThread                       : Init FMOD Studio sample load thread. Priority: 0, Stack Size: 98304, Semaphore: No, Sleep Time: 1, Looping: No.
[LOG] PlaybackSystem::init                     : done
[LOG] Thread::initThread                       : Init FMOD Studio bank load thread. Priority: 0, Stack Size: 98304, Semaphore: No, Sleep Time: 1, Looping: No.
[LOG] Manager::init                            : done.
[LOG] Manager::readBank                        : fileversion = 125, compatVersion = 119 (oldest = 44, newest = 125)
[LOG] PlaybackSystem::acquireMasterBus         : Setting master channel group format to 6
[LOG] SystemI::createSound                     : filename = D:/Projets/VRGGJ20/BLAMBLAMBLAM/Assets/StreamingAssets/Desktop/Master.bank : mode 02010082
[LOG] SystemI::createSound                     : FMOD_NONBLOCKING specified.  Putting into queue to be opened asynchronously!
[LOG] Thread::initThread                       : Init FMOD nonblocking thread (0). Priority: 1, Stack Size: 114688, Semaphore: Yes, Sleep Time: 0, Looping: Yes.
[LOG] SystemI::createSound                     : setdata soundi = 000001D67FBF9638 : node = 000001D636EC6800
[LOG] SystemI::createSound                     : add node to async list : head = 000001D6339011B8.  list count = 0
[LOG] AsyncThread::threadFunc                  : Starting Asynchronous operation on sound 000001D67FBF9638
[LOG] SystemI::createSoundInternal             :     Create name='D:/Projets/VRGGJ20/BLAMBLAMBLAM/Assets/StreamingAssets/Desktop/Master.bank', mode=0x02010082
[LOG] SystemI::createSoundInternal             :     exinfo->cbsize             = 224
[LOG] SystemI::createSoundInternal             :     exinfo->length             = 2914112
[LOG] SystemI::createSoundInternal             :     exinfo->fileoffset         = 11648
[LOG] SystemI::createSoundInternal             :     exinfo->numsubsounds       = 1
[LOG] SystemI::createSoundInternal             :     exinfo->inclusionlist      = 000001D636EC6910
[LOG] SystemI::createSoundInternal             :     exinfo->inclusionlistnum   = 1
[LOG] SystemI::createSoundInternal             :     exinfo->suggestedsoundtype = 5
[LOG] SystemI::createSoundInternal             :     exinfo->initialseekpostype = 1
[LOG] SystemI::createSoundInternal             :     Stream 0/1: name='Slam', format=2, channels=2, frequency=48000, lengthbytes=24192, lengthpcm=1121175, pcmblocksize=0, loopstart=0, loopend=0, mode=0x00000000, channelmask=0x00000000, channelorder=0, peakvolume=0.604778.
[LOG] Thread::initThread                       :     Init FMOD file thread. Priority: 1, Stack Size: 49152, Semaphore: No, Sleep Time: 10, Looping: Yes.
[LOG] AsyncThread::threadFunc                  : Finished Asynchronous operation on sound 000001D67FBF9638
[LOG] SoundI::getSubSound                      : sound 000001D67FBF9638.  Subsound index 0 / 1
[LOG] SystemI::createSound                     : filename = D:/Projets/VRGGJ20/BLAMBLAMBLAM/Assets/StreamingAssets/Desktop/Master.bank : mode 02010082
[LOG] SystemI::createSound                     : FMOD_NONBLOCKING specified.  Putting into queue to be opened asynchronously!
[LOG] SystemI::createSound                     : setdata soundi = 000001D634BFCF38 : node = 000001D69A5D3270
[LOG] SystemI::createSound                     : add node to async list : head = 000001D6339011B8.  list count = 0
[LOG] AsyncThread::threadFunc                  : Starting Asynchronous operation on sound 000001D634BFCF38
[LOG] SystemI::createSoundInternal             :     Create name='D:/Projets/VRGGJ20/BLAMBLAMBLAM/Assets/StreamingAssets/Desktop/Master.bank', mode=0x02010082
[LOG] SystemI::createSoundInternal             :     exinfo->cbsize             = 224
[LOG] SystemI::createSoundInternal             :     exinfo->length             = 2914112
[LOG] SystemI::createSoundInternal             :     exinfo->fileoffset         = 11648
[LOG] SystemI::createSoundInternal             :     exinfo->numsubsounds       = 1
[LOG] SystemI::createSoundInternal             :     exinfo->inclusionlist      = 000001D69A5D3380
[LOG] SystemI::createSoundInternal             :     exinfo->inclusionlistnum   = 1
[LOG] SystemI::createSoundInternal             :     exinfo->suggestedsoundtype = 5
[LOG] SystemI::createSoundInternal             :     exinfo->initialseekpostype = 1
[LOG] SystemI::createSoundInternal             :     Stream 0/1: name='Slam', format=2, channels=2, frequency=48000, lengthbytes=24192, lengthpcm=1121175, pcmblocksize=0, loopstart=0, loopend=0, mode=0x00000000, channelmask=0x00000000, channelorder=0, peakvolume=0.604778.
[LOG] AsyncThread::threadFunc                  : Finished Asynchronous operation on sound 000001D634BFCF38
[LOG] SoundI::getSubSound                      : sound 000001D634BFCF38.  Subsound index 0 / 1
[LOG] SoundI::release                          : Slam (000001D67FBF9638)
[LOG] SoundI::release                          :     Slam (000001D6338FEE48)
[LOG] SoundI::release                          :     Slam (000001D63732C028)
[LOG] SystemI::createSound                     : filename = D:/Projets/VRGGJ20/BLAMBLAMBLAM/Assets/StreamingAssets/Desktop/Master.bank : mode 02010082
[LOG] SystemI::createSound                     : FMOD_NONBLOCKING specified.  Putting into queue to be opened asynchronously!
[LOG] SystemI::createSound                     : setdata soundi = 000001D63732C898 : node = 000001D6355D3E70
[LOG] SystemI::createSound                     : add node to async list : head = 000001D6339011B8.  list count = 0
[LOG] AsyncThread::threadFunc                  : Starting Asynchronous operation on sound 000001D63732C898
[LOG] SystemI::createSoundInternal             :     Create name='D:/Projets/VRGGJ20/BLAMBLAMBLAM/Assets/StreamingAssets/Desktop/Master.bank', mode=0x02010082
[LOG] SystemI::createSoundInternal             :     exinfo->cbsize             = 224
[LOG] SystemI::createSoundInternal             :     exinfo->length             = 2914112
[LOG] SystemI::createSoundInternal             :     exinfo->fileoffset         = 11648
[LOG] SystemI::createSoundInternal             :     exinfo->numsubsounds       = 1
[LOG] SystemI::createSoundInternal             :     exinfo->inclusionlist      = 000001D6355D3F80
[LOG] SystemI::createSoundInternal             :     exinfo->inclusionlistnum   = 1
[LOG] SystemI::createSoundInternal             :     exinfo->suggestedsoundtype = 5
[LOG] SystemI::createSoundInternal             :     exinfo->initialseekpostype = 1
[LOG] SystemI::createSoundInternal             :     Stream 0/1: name='Slam', format=2, channels=2, frequency=48000, lengthbytes=24192, lengthpcm=1121175, pcmblocksize=0, loopstart=0, loopend=0, mode=0x00000000, channelmask=0x00000000, channelorder=0, peakvolume=0.604778.
[LOG] AsyncThread::threadFunc                  : Finished Asynchronous operation on sound 000001D63732C898
[LOG] SoundI::getSubSound                      : sound 000001D63732C898.  Subsound index 0 / 1
[LOG] SoundI::release                          : Slam (000001D634BFCF38)
[LOG] SoundI::release                          :     Slam (000001D633901D68)
[LOG] SoundI::release                          :     Slam (000001D67FBFA058)
[LOG] SystemI::createSound                     : filename = D:/Projets/VRGGJ20/BLAMBLAMBLAM/Assets/StreamingAssets/Desktop/Master.bank : mode 02010082
[LOG] SystemI::createSound                     : FMOD_NONBLOCKING specified.  Putting into queue to be opened asynchronously!
[LOG] SystemI::createSound                     : setdata soundi = 000001D67FBFA058 : node = 000001D636EC66C0
[LOG] SystemI::createSound                     : add node to async list : head = 000001D6339011B8.  list count = 0
[LOG] AsyncThread::threadFunc                  : Starting Asynchronous operation on sound 000001D67FBFA058
[LOG] SystemI::createSoundInternal             :     Create name='D:/Projets/VRGGJ20/BLAMBLAMBLAM/Assets/StreamingAssets/Desktop/Master.bank', mode=0x02010082
[LOG] SystemI::createSoundInternal             :     exinfo->cbsize             = 224
[LOG] SystemI::createSoundInternal             :     exinfo->length             = 2914112
[LOG] SystemI::createSoundInternal             :     exinfo->fileoffset         = 11648
[LOG] SystemI::createSoundInternal             :     exinfo->numsubsounds       = 1
[LOG] SystemI::createSoundInternal             :     exinfo->inclusionlist      = 000001D636EC67D0
[LOG] SystemI::createSoundInternal             :     exinfo->inclusionlistnum   = 1
[LOG] SystemI::createSoundInternal             :     exinfo->suggestedsoundtype = 5
[LOG] SystemI::createSoundInternal             :     exinfo->initialseekpostype = 1
[LOG] SystemI::createSoundInternal             :     Stream 0/1: name='Slam', format=2, channels=2, frequency=48000, lengthbytes=24192, lengthpcm=1121175, pcmblocksize=0, loopstart=0, loopend=0, mode=0x00000000, channelmask=0x00000000, channelorder=0, peakvolume=0.604778.
[LOG] AsyncThread::threadFunc                  : Finished Asynchronous operation on sound 000001D67FBFA058
[LOG] SoundI::getSubSound                      : sound 000001D67FBFA058.  Subsound index 0 / 1
[LOG] SoundI::release                          : Slam (000001D63732C898)
[LOG] SoundI::release                          :     Slam (000001D6339016E8)
[LOG] SoundI::release                          :     Slam (000001D67FBF9638)
[LOG] SoundI::release                          : Slam (000001D67FBFA058)
[LOG] SoundI::release                          :     Slam (000001D6338FEE48)
[LOG] SoundI::release                          :     Slam (000001D63732B968)
[LOG] Thread::callback                         : FMOD Studio bank load thread finished.
[LOG] Thread::callback                         : FMOD Studio sample load thread finished.
[LOG] LiveUpdate::release                      : 
[LOG] LiveUpdate::reset                        : Reset connection (reason Disconnected)
[LOG] Thread::callback                         : FMOD stream thread finished.
[LOG] Thread::callback                         : FMOD mixer thread finished.
[LOG] Thread::callback                         : FMOD nonblocking thread (0) finished.
[LOG] Thread::callback                         : FMOD file thread finished.
[LOG] SystemI::close                           : Closed.
